  MonitorProcess.cpp
C:\Program Files (x86)\Microsoft Visual Studio\2019\Community\VC\Tools\MSVC\14.28.29910\include\xstring(2468,23): warning C4244: 'argument': conversion from 'TCHAR' to 'const _Elem', possible loss of data
          with
          [
              _Elem=char
          ]
C:\Program Files (x86)\Microsoft Visual Studio\2019\Community\VC\Tools\MSVC\14.28.29910\include\xstring(2479): message : see reference to function template instantiation 'void std::basic_string<char,std::char_traits<char>,std::allocator<char>>::_Construct<_Iter>(_Iter,const _Iter,std::input_iterator_tag)' being compiled
          with
          [
              _Iter=TCHAR *
          ]
C:\Program Files (x86)\Microsoft Visual Studio\2019\Community\VC\Tools\MSVC\14.28.29910\include\xstring(2479): message : see reference to function template instantiation 'void std::basic_string<char,std::char_traits<char>,std::allocator<char>>::_Construct<_Iter>(_Iter,const _Iter,std::input_iterator_tag)' being compiled
          with
          [
              _Iter=TCHAR *
          ]
C:\Program Files (x86)\Microsoft Visual Studio\2019\Community\VC\Tools\MSVC\14.28.29910\include\xstring(2459): message : see reference to function template instantiation 'void std::basic_string<char,std::char_traits<char>,std::allocator<char>>::_Construct<_Iter>(const _Iter,const _Iter,std::forward_iterator_tag)' being compiled
          with
          [
              _Iter=TCHAR *
          ]
C:\Program Files (x86)\Microsoft Visual Studio\2019\Community\VC\Tools\MSVC\14.28.29910\include\xstring(2459): message : see reference to function template instantiation 'void std::basic_string<char,std::char_traits<char>,std::allocator<char>>::_Construct<_Iter>(const _Iter,const _Iter,std::forward_iterator_tag)' being compiled
          with
          [
              _Iter=TCHAR *
          ]
C:\Users\bhave\Desktop\test\C++ Solution\MonitorProcess\MonitorProcess\MonitorProcess.cpp(37): message : see reference to function template instantiation 'std::basic_string<char,std::char_traits<char>,std::allocator<char>>::basic_string<TCHAR*,0>(_Iter,_Iter,const _Alloc &)' being compiled
          with
          [
              _Iter=TCHAR *,
              _Alloc=std::allocator<char>
          ]
C:\Users\bhave\Desktop\test\C++ Solution\MonitorProcess\MonitorProcess\MonitorProcess.cpp(37): message : see reference to function template instantiation 'std::basic_string<char,std::char_traits<char>,std::allocator<char>>::basic_string<TCHAR*,0>(_Iter,_Iter,const _Alloc &)' being compiled
          with
          [
              _Iter=TCHAR *,
              _Alloc=std::allocator<char>
          ]
  Generating code
  2 of 165 functions ( 1.2%) were compiled, the rest were copied from previous compilation.
    0 functions were new in current compilation
    1 functions had inline decision re-evaluated but remain unchanged
  Finished generating code
  MonitorProcess.vcxproj -> C:\Users\bhave\Desktop\test\C++ Solution\MonitorProcess\Release\MonitorProcess.exe
